\BOOKMARK [0][-]{chapter.1}{\376\377\000W\000p\000r\000o\000w\000a\000d\000z\000e\000n\000i\000e}{}% 1
\BOOKMARK [1][-]{section.1.1}{\376\377\000C\000e\000l\000\040\000p\000r\000a\000c\000y}{chapter.1}% 2
\BOOKMARK [1][-]{section.1.2}{\376\377\000S\000t\000r\000u\000k\000t\000u\000r\000a\000\040\000p\000r\000a\000c\000y}{chapter.1}% 3
\BOOKMARK [0][-]{chapter.2}{\376\377\000W\000s\000t\001\031\000p\000\040\000t\000e\000o\000r\000e\000t\000y\000c\000z\000n\000y}{}% 4
\BOOKMARK [1][-]{section.2.1}{\376\377\000Z\000a\000l\000e\001\174\000n\000o\001\133\000c\000i\000\040\000s\000k\001\102\000a\000d\000n\000i\000o\000w\000e}{chapter.2}% 5
\BOOKMARK [1][-]{section.2.2}{\376\377\000U\000n\000i\000v\000e\000r\000s\000a\000l\000\040\000D\000e\000p\000e\000n\000d\000e\000n\000c\000i\000e\000s}{chapter.2}% 6
\BOOKMARK [1][-]{section.2.3}{\376\377\000K\000o\000o\000r\000d\000y\000n\000a\000c\000j\000a}{chapter.2}% 7
\BOOKMARK [1][-]{section.2.4}{\376\377\000D\000e\000p\000e\000n\000d\000e\000n\000c\000y\000\040\000L\000e\000n\000g\000t\000h\000\040\000M\000i\000n\000i\000m\000i\000z\000a\000t\000i\000o\000n}{chapter.2}% 8
\BOOKMARK [1][-]{section.2.5}{\376\377\000K\000o\000l\000e\000j\000n\000o\001\133\001\007\000\040\000c\000z\001\102\000o\000n\000\363\000w\000\040\000k\000o\000o\000r\000d\000y\000n\000a\000c\000j\000i}{chapter.2}% 9
\BOOKMARK [1][-]{section.2.6}{\376\377\000J\001\031\000z\000y\000k\000i\000\040\000i\000n\000i\000c\000j\000a\000l\000n\000e\000\040\000o\000r\000a\000z\000\040\000f\000i\000n\000a\000l\000n\000e}{chapter.2}% 10
\BOOKMARK [1][-]{section.2.7}{\376\377\000S\000t\000r\000u\000k\000t\000u\000r\000a\000\040\000z\000a\000l\000e\001\174\000n\000o\001\133\000c\000i\000o\000w\000a\000\040\000k\000o\000o\000r\000d\000y\000n\000a\000c\000j\000i}{chapter.2}% 11
\BOOKMARK [0][-]{chapter.3}{\376\377\000S\000t\000r\000u\000k\000t\000u\000r\000a\000\040\000z\000a\000l\000e\001\174\000n\000o\001\133\000c\000i\000o\000w\000a\000\040\000k\000o\000o\000r\000d\000y\000n\000a\000c\000j\000i}{}% 12
\BOOKMARK [1][-]{section.3.1}{\376\377\000J\001\031\000z\000y\000k\000i\000\040\000i\000n\000i\000c\000j\000a\000l\000n\000e\000\040\000p\000r\000z\000e\000p\000i\000o\000r\000k\000o\000w\000s\000k\000i\0002\0000\0002\0003\000c\000o\000n\000j\000u\000n\000c\000t}{chapter.3}% 13
\BOOKMARK [2][-]{subsection.3.1.1}{\376\377\000M\000e\000t\000o\000d\000y}{section.3.1}% 14
\BOOKMARK [2][-]{subsection.3.1.2}{\376\377\000P\000o\000d\000e\000j\001\133\000c\000i\000a}{section.3.1}% 15
\BOOKMARK [2][-]{subsection.3.1.3}{\376\377\000W\000y\000n\000i\000k\000i\000\040\000i\000\040\000i\000n\000t\000e\000r\000p\000r\000e\000t\000a\000c\000j\000a}{section.3.1}% 16
\BOOKMARK [1][-]{section.3.2}{\376\377\000J\001\031\000z\000y\000k\000i\000\040\000f\000i\000n\000a\000l\000n\000e}{chapter.3}% 17
\BOOKMARK [2][-]{subsection.3.2.1}{\376\377\000R\000\363\001\174\000n\000i\000c\000e\000\040\000w\000z\000g\000l\001\031\000d\000e\000m\000\040\000j\001\031\000z\000y\000k\000\363\000w\000\040\000i\000n\000i\000c\000j\000a\000l\000n\000y\000c\000h}{section.3.2}% 18
\BOOKMARK [2][-]{subsection.3.2.2}{\376\377\000P\000o\000d\000e\000j\001\133\000c\000i\000a}{section.3.2}% 19
\BOOKMARK [2][-]{subsection.3.2.3}{\376\377\000M\000e\000t\000o\000d\000y}{section.3.2}% 20
\BOOKMARK [2][-]{subsection.3.2.4}{\376\377\000P\000r\000e\000d\000y\000k\000c\000j\000e}{section.3.2}% 21
\BOOKMARK [2][-]{subsection.3.2.5}{\376\377\000P\000o\000d\000s\000u\000m\000o\000w\000a\000n\000i\000e}{section.3.2}% 22
\BOOKMARK [1][-]{section.3.3}{\376\377\000J\001\031\000z\000y\000k\000i\000\040\000m\000i\000e\000s\000z\000a\000n\000e}{chapter.3}% 23
\BOOKMARK [0][-]{chapter.4}{\376\377\000P\000r\000z\000e\000t\000w\000a\000r\000z\000a\000n\000i\000e\000\040\000d\000a\000n\000y\000c\000h}{}% 24
\BOOKMARK [1][-]{section.4.1}{\376\377\000D\000a\000n\000e\000\040\000w\000e\000j\001\133\000c\000i\000o\000w\000e}{chapter.4}% 25
\BOOKMARK [2][-]{subsection.4.1.1}{\376\377\000K\000o\000r\000p\000u\000s\000y\000\040\000z\000a\000l\000e\001\174\000n\000o\001\133\000c\000i\000o\000w\000e}{section.4.1}% 26
\BOOKMARK [2][-]{subsection.4.1.2}{\376\377\000F\000o\000r\000m\000a\000t\000\040\000d\000a\000n\000y\000c\000h}{section.4.1}% 27
\BOOKMARK [1][-]{section.4.2}{\376\377\000W\000y\000c\000i\001\005\000g\000a\000n\000i\000e\000\040\000k\000o\000o\000r\000d\000y\000n\000a\000c\000j\000i}{chapter.4}% 28
\BOOKMARK [2][-]{subsection.4.2.1}{\376\377\000R\000e\000l\000a\000c\000j\000a\000\040\000c\000o\000n\000j}{section.4.2}% 29
\BOOKMARK [2][-]{subsection.4.2.2}{\376\377\000W\000y\000z\000n\000a\000c\000z\000a\000n\000i\000e\000\040\000g\001\102\000\363\000w\000\040\000c\000z\001\102\000o\000n\000\363\000w\000,\000\040\000n\000a\000d\000r\000z\001\031\000d\000n\000i\000k\000a\000\040\000i\000\040\000s\000p\000\363\000j\000n\000i\000k\000a\000\040\000k\000o\000o\000r\000d\000y\000n\000a\000c\000j\000i}{section.4.2}% 30
\BOOKMARK [2][-]{subsection.4.2.3}{\376\377\000W\000y\000z\000n\000a\000c\000z\000a\000n\000i\000e\000\040\000g\000r\000a\000n\000i\000c\000\040\000c\000z\001\102\000o\000n\000\363\000w}{section.4.2}% 31
\BOOKMARK [2][-]{subsection.4.2.4}{\376\377\000O\000k\000r\000e\001\133\000l\000a\000n\000i\000e\000\040\000p\000o\000z\000y\000c\000j\000i\000\040\000n\000a\000d\000r\000z\001\031\000d\000n\000i\000k\000a}{section.4.2}% 32
\BOOKMARK [2][-]{subsection.4.2.5}{\376\377\000O\000b\000l\000i\000c\000z\000a\000n\000i\000e\000\040\000d\001\102\000u\000g\000o\001\133\000c\000i\000\040\000c\000z\001\102\000o\000n\000u}{section.4.2}% 33
\BOOKMARK [2][-]{subsection.4.2.6}{\376\377\000K\000o\000o\000r\000d\000y\000n\000a\000c\000j\000e\000\040\000z\000a\000g\000n\000i\000e\001\174\000d\001\174\000o\000n\000e}{section.4.2}% 34
\BOOKMARK [2][-]{subsection.4.2.7}{\376\377\000P\000r\000o\000c\000e\000d\000u\000r\000a\000\040\000z\000n\000a\000j\000d\000o\000w\000a\000n\000i\000a\000\040\000k\000o\000o\000r\000d\000y\000n\000a\000c\000j\000i\000\040\000z\000\040\000u\000w\000z\000g\000l\001\031\000d\000n\000i\000e\000n\000i\000e\000m\000\040\000k\000o\000o\000r\000d\000y\000n\000a\000c\000j\000i\000\040\000z\000a\000g\000n\000i\000e\001\174\000d\001\174\000o\000n\000y\000c\000h}{section.4.2}% 35
\BOOKMARK [1][-]{section.4.3}{\376\377\000W\000e\000r\000y\000f\000i\000k\000a\000c\000j\000a\000\040\000d\000z\000i\000a\001\102\000a\000n\000i\000a\000\040\000a\000l\000g\000o\000r\000y\000t\000m\000u}{chapter.4}% 36
\BOOKMARK [2][-]{subsection.4.3.1}{\376\377\000O\000g\000r\000a\000n\000i\000c\000z\000e\000n\000i\000a}{section.4.3}% 37
\BOOKMARK [2][-]{subsection.4.3.2}{\376\377\000D\000o\000b\000\363\000r\000\040\000j\001\031\000z\000y\000k\000\363\000w}{section.4.3}% 38
\BOOKMARK [2][-]{subsection.4.3.3}{\376\377\000L\000o\000s\000o\000w\000a\000n\000i\000e\000\040\000w\000y\000c\000i\001\005\000g\000n\000i\001\031\000t\000y\000c\000h\000\040\000k\000o\000o\000r\000d\000y\000n\000a\000c\000j\000i}{section.4.3}% 39
\BOOKMARK [2][-]{subsection.4.3.4}{\376\377\000O\000c\000e\000n\000a\000\040\000p\000o\000p\000r\000a\000w\000n\000o\001\133\000c\000i}{section.4.3}% 40
\BOOKMARK [2][-]{subsection.4.3.5}{\376\377\000W\000y\000n\000i\000k\000i}{section.4.3}% 41
\BOOKMARK [0][-]{chapter.5}{\376\377\000M\000e\000t\000o\000d\000y\000\040\000s\000t\000a\000t\000y\000s\000t\000y\000c\000z\000n\000e}{}% 42
\BOOKMARK [1][-]{section.5.1}{\376\377\000W\000z\000g\000l\001\031\000d\000n\000a\000\040\000p\000o\000z\000y\000c\000j\000a\000\040\000g\001\102\000o\000w\000y\000\040\000c\000z\001\102\000o\000n\000u}{chapter.5}% 43
\BOOKMARK [1][-]{section.5.2}{\376\377\000P\000o\000z\000y\000c\000j\000a\000\040\000n\000a\000d\000r\000z\001\031\000d\000n\000i\000k\000a}{chapter.5}% 44
\BOOKMARK [1][-]{section.5.3}{\376\377\000D\001\102\000u\000g\000o\001\133\001\007\000\040\000c\000z\001\102\000o\000n\000\363\000w\000\040\000k\000o\000o\000r\000d\000y\000n\000a\000c\000j\000i}{chapter.5}% 45
\BOOKMARK [1][-]{section.5.4}{\376\377\000R\000\363\001\174\000n\000i\000c\000a\000\040\000d\001\102\000u\000g\000o\001\133\000c\000i\000\040\000c\000z\001\102\000o\000n\000\363\000w\000\040\000a\000\040\000p\000o\000z\000y\000c\000j\000a\000\040\000k\000r\000\363\000t\000s\000z\000e\000g\000o\000\040\000c\000z\001\102\000o\000n\000u}{chapter.5}% 46
\BOOKMARK [0][-]{chapter.6}{\376\377\000D\000y\000s\000k\000u\000s\000j\000a\000\040\000w\000y\000n\000i\000k\000\363\000w}{}% 47
\BOOKMARK [1][-]{section.6.1}{\376\377\000R\000e\000p\000l\000i\000k\000a\000c\000j\000a\000\040\000p\000o\000p\000r\000z\000e\000d\000n\000i\000c\000h\000\040\000b\000a\000d\000a\001\104}{chapter.6}% 48
\BOOKMARK [2][-]{subsection.6.1.1}{\376\377\000J\001\031\000z\000y\000k\000\040\000a\000n\000g\000i\000e\000l\000s\000k\000i}{section.6.1}% 49
\BOOKMARK [2][-]{subsection.6.1.2}{\376\377\000J\001\031\000z\000y\000k\000i\000\040\000s\001\102\000o\000w\000i\000a\001\104\000s\000k\000i\000e}{section.6.1}% 50
\BOOKMARK [2][-]{subsection.6.1.3}{\376\377\000J\001\031\000z\000y\000k\000i\000\040\000r\000o\000m\000a\001\104\000s\000k\000i\000e}{section.6.1}% 51
\BOOKMARK [2][-]{subsection.6.1.4}{\376\377\000J\001\031\000z\000y\000k\000i\000\040\000m\000i\000e\000s\000z\000a\000n\000e}{section.6.1}% 52
\BOOKMARK [2][-]{subsection.6.1.5}{\376\377\000J\001\031\000z\000y\000k\000i\000\040\000f\000i\000n\000a\000l\000n\000e}{section.6.1}% 53
\BOOKMARK [1][-]{section.6.2}{\376\377\000P\000r\000z\000e\000w\000i\000d\000y\000w\000a\000n\000i\000a\000\040\000m\000o\000d\000e\000l\000i\000\040\000s\000t\000r\000u\000k\000t\000u\000r\000y\000\040\000z\000a\000l\000e\001\174\000n\000o\001\133\000c\000i\000o\000w\000e\000j\000\040\000k\000o\000o\000r\000d\000y\000n\000a\000c\000j\000i}{chapter.6}% 54
\BOOKMARK [2][-]{subsection.6.2.1}{\376\377\000J\001\031\000z\000y\000k\000i\000\040\000i\000n\000i\000c\000j\000a\000l\000n\000e}{section.6.2}% 55
\BOOKMARK [2][-]{subsection.6.2.2}{\376\377\000J\001\031\000z\000y\000k\000i\000\040\000f\000i\000n\000a\000l\000n\000e}{section.6.2}% 56
\BOOKMARK [1][-]{section.6.3}{\376\377\000W\000y\000j\000a\001\133\000n\000i\000e\000n\000i\000a\000\040\000w\000y\000n\000i\000k\000\363\000w}{chapter.6}% 57
\BOOKMARK [2][-]{subsection.6.3.1}{\376\377\000G\000r\000a\000m\000a\000t\000y\000k\000a\000l\000i\000z\000a\000c\000j\000a\000\040\000k\000r\000\363\000t\000s\000z\000e\000g\000o\000\040\000p\000r\000a\000w\000e\000g\000o\000\040\000c\000z\001\102\000o\000n\000u}{section.6.3}% 58
\BOOKMARK [2][-]{subsection.6.3.2}{\376\377\000M\000o\000n\000o\000t\000o\000n\000i\000c\000z\000n\000o\001\133\001\007\000\040\000t\000e\000n\000d\000e\000n\000c\000j\000i}{section.6.3}% 59
\BOOKMARK [2][-]{subsection.6.3.3}{\376\377\000P\000r\000z\000y\000c\000z\000y\000n\000y\000\040\000t\000e\000n\000d\000e\000n\000c\000j\000i\000\040\000w\000z\000r\000o\000s\000t\000o\000w\000y\000c\000h}{section.6.3}% 60
\BOOKMARK [0][-]{chapter.7}{\376\377\000Z\000a\000k\000o\001\104\000c\000z\000e\000n\000i\000e}{}% 61
\BOOKMARK [1][-]{section.7.1}{\376\377\000O\000g\000r\000a\000n\000i\000c\000z\000e\000n\000i\000a}{chapter.7}% 62
\BOOKMARK [2][-]{subsection.7.1.1}{\376\377\000K\000o\000r\000p\000u\000s\000y\000\040\000z\000a\000l\000e\001\174\000n\000o\001\133\000c\000i\000o\000w\000e\000\040\000U\000D}{section.7.1}% 63
\BOOKMARK [2][-]{subsection.7.1.2}{\376\377\000D\000e\000p\000e\000n\000d\000e\000n\000c\000y\000\040\000L\000e\000n\000g\000t\000h\000\040\000M\000i\000n\000i\000m\000i\000s\000a\000t\000i\000o\000n}{section.7.1}% 64
\BOOKMARK [2][-]{subsection.7.1.3}{\376\377\000O\000g\000r\000a\000n\000i\000c\000z\000e\000n\000i\000a\000\040\000m\000e\000t\000o\000d\000o\000l\000o\000g\000i\000c\000z\000n\000e}{section.7.1}% 65
\BOOKMARK [1][-]{section.7.2}{\376\377\000P\000r\000z\000y\000s\000z\001\102\000e\000\040\000b\000a\000d\000a\000n\000i\000a}{chapter.7}% 66
\BOOKMARK [2][-]{subsection.7.2.1}{\376\377\000S\000u\000r\000f\000a\000c\000e\000\040\000S\000y\000n\000t\000a\000c\000t\000i\000c\000\040\000U\000n\000i\000v\000e\000r\000s\000a\000l\000\040\000D\000e\000p\000e\000n\000d\000e\000n\000c\000i\000e\000s\000\040\000\050\000S\000U\000D\000\051}{section.7.2}% 67
\BOOKMARK [2][-]{subsection.7.2.2}{\376\377\000A\000n\000a\000l\000i\000z\000a\000\040\000k\000o\000o\000r\000d\000y\000n\000a\000c\000j\000i\000\040\000r\000\363\001\174\000n\000y\000c\000h\000\040\000d\001\102\000u\000g\000o\001\133\000c\000i}{section.7.2}% 68
\BOOKMARK [0][-]{appendix.A}{\376\377\000R\000o\000z\000s\000z\000e\000r\000z\000o\000n\000e\000\040\000z\000a\000l\000e\001\174\000n\000o\001\133\000c\000i\000\040\000s\000k\001\102\000a\000d\000n\000i\000o\000w\000e}{}% 69
\BOOKMARK [1][-]{section.A.1}{\376\377\000E\000n\000h\000a\000n\000c\000e\000d\000\040\000D\000e\000p\000e\000n\000d\000e\000n\000c\000i\000e\000s}{appendix.A}% 70
\BOOKMARK [1][-]{section.A.2}{\376\377\000J\001\031\000z\000y\000k\000i\000\040\000i\000n\000i\000c\000j\000a\000l\000n\000e}{appendix.A}% 71
\BOOKMARK [1][-]{section.A.3}{\376\377\000J\001\031\000z\000y\000k\000i\000\040\000f\000i\000n\000a\000l\000n\000e}{appendix.A}% 72
\BOOKMARK [0][-]{appendix.B}{\376\377\000W\000y\000n\000i\000k\000i\000\040\000p\000o\000p\000r\000z\000e\000d\000n\000i\000c\000h\000\040\000b\000a\000d\000a\001\104}{}% 73
\BOOKMARK [0][-]{appendix.C}{\376\377\000D\001\102\000u\000g\000o\001\133\001\007\000\040\000c\000z\001\102\000o\000n\000\363\000w\000\040\000k\000o\000o\000r\000d\000y\000n\000a\000c\000j\000i}{}% 74
\BOOKMARK [1][-]{section.C.1}{\376\377\000J\001\031\000z\000y\000k\000i\000\040\000i\000n\000i\000c\000j\000a\000l\000n\000e}{appendix.C}% 75
\BOOKMARK [1][-]{section.C.2}{\376\377\000J\001\031\000z\000y\000k\000i\000\040\000m\000i\000e\000s\000z\000a\000n\000e}{appendix.C}% 76
\BOOKMARK [1][-]{section.C.3}{\376\377\000J\001\031\000z\000y\000k\000i\000\040\000f\000i\000n\000a\000l\000n\000e}{appendix.C}% 77
\BOOKMARK [0][-]{appendix.D}{\376\377\000R\000\363\001\174\000n\000i\000c\000a\000\040\000d\001\102\000u\000g\000o\001\133\000c\000i\000\040\000c\000z\001\102\000o\000n\000\363\000w\000\040\000a\000\040\000p\000o\000z\000y\000c\000j\000a\000\040\000k\000r\000\363\000t\000s\000z\000e\000g\000o\000\040\000c\000z\001\102\000o\000n\000u}{}% 78
\BOOKMARK [1][-]{section.D.1}{\376\377\000J\001\031\000z\000y\000k\000i\000\040\000i\000n\000i\000c\000j\000a\000l\000n\000e}{appendix.D}% 79
\BOOKMARK [1][-]{section.D.2}{\376\377\000J\001\031\000z\000y\000k\000i\000\040\000m\000i\000e\000s\000z\000a\000n\000e}{appendix.D}% 80
\BOOKMARK [1][-]{section.D.3}{\376\377\000J\001\031\000z\000y\000k\000i\000\040\000f\000i\000n\000a\000l\000n\000e}{appendix.D}% 81
